# JRE version: Java(TM) SE Runtime Environment (8.0_91-b14) (build 1.8.0_91-b14)
# Java VM: Java HotSpot(TM) 64-Bit Server VM (25.91-b14 mixed mode windows-amd64 compressed oops)
Heap:
 PSYoungGen      total 559616K, used 53678K [0x00000000d5f00000, 0x00000000fc080000, 0x0000000100000000)
  eden space 499200K, 10% used [0x00000000d5f00000,0x00000000d936b988,0x00000000f4680000)
  from space 60416K, 0% used [0x00000000f8580000,0x00000000f8580000,0x00000000fc080000)
  to   space 62464K, 0% used [0x00000000f4680000,0x00000000f4680000,0x00000000f8380000)
 ParOldGen       total 248832K, used 137859K [0x0000000081c00000, 0x0000000090f00000, 0x00000000d5f00000)
  object space 248832K, 55% used [0x0000000081c00000,0x000000008a2a0ea0,0x0000000090f00000)
 Metaspace       used 32576K, capacity 32877K, committed 33280K, reserved 1079296K
  class space    used 4210K, capacity 4307K, committed 4352K, reserved 1048576K
GC Heap History (10 events):
Event: 10.661 GC heap before
{Heap before GC invocations=13 (full 2):
 PSYoungGen      total 301568K, used 301113K [0x00000000d5f00000, 0x00000000f5280000, 0x0000000100000000)
  eden space 288256K, 100% used [0x00000000d5f00000,0x00000000e7880000,0x00000000e7880000)
  from space 13312K, 96% used [0x00000000f4580000,0x00000000f520e500,0x00000000f5280000)
  to   space 36864K, 0% used [0x00000000f0a80000,0x00000000f0a80000,0x00000000f2e80000)
 ParOldGen       total 154112K, used 77436K [0x0000000081c00000, 0x000000008b280000, 0x00000000d5f00000)
  object space 154112K, 50% used [0x0000000081c00000,0x000000008679f1b0,0x000000008b280000)
 Metaspace       used 23146K, capacity 23426K, committed 23680K, reserved 1069056K
  class space    used 3038K, capacity 3113K, committed 3200K, reserved 1048576K
Event: 10.689 GC heap after
Heap after GC invocations=13 (full 2):
 PSYoungGen      total 384512K, used 25680K [0x00000000d5f00000, 0x00000000f4600000, 0x0000000100000000)
  eden space 358400K, 0% used [0x00000000d5f00000,0x00000000d5f00000,0x00000000ebd00000)
  from space 26112K, 98% used [0x00000000f0a80000,0x00000000f23942a0,0x00000000f2400000)
  to   space 34816K, 0% used [0x00000000f2400000,0x00000000f2400000,0x00000000f4600000)
 ParOldGen       total 154112K, used 77444K [0x0000000081c00000, 0x000000008b280000, 0x00000000d5f00000)
  object space 154112K, 50% used [0x0000000081c00000,0x00000000867a11b0,0x000000008b280000)
 Metaspace       used 23146K, capacity 23426K, committed 23680K, reserved 1069056K
  class space    used 3038K, capacity 3113K, committed 3200K, reserved 1048576K
}
Event: 14.378 GC heap before
{Heap before GC invocations=14 (full 2):
 PSYoungGen      total 384512K, used 384080K [0x00000000d5f00000, 0x00000000f4600000, 0x0000000100000000)
  eden space 358400K, 100% used [0x00000000d5f00000,0x00000000ebd00000,0x00000000ebd00000)
  from space 26112K, 98% used [0x00000000f0a80000,0x00000000f23942a0,0x00000000f2400000)
  to   space 34816K, 0% used [0x00000000f2400000,0x00000000f2400000,0x00000000f4600000)
 ParOldGen       total 154112K, used 77444K [0x0000000081c00000, 0x000000008b280000, 0x00000000d5f00000)
  object space 154112K, 50% used [0x0000000081c00000,0x00000000867a11b0,0x000000008b280000)
 Metaspace       used 28484K, capacity 28745K, committed 29184K, reserved 1075200K
  class space    used 3702K, capacity 3787K, committed 3840K, reserved 1048576K
Event: 14.444 GC heap after
Heap after GC invocations=14 (full 2):
 PSYoungGen      total 444928K, used 34794K [0x00000000d5f00000, 0x00000000f7a80000, 0x0000000100000000)
  eden space 410112K, 0% used [0x00000000d5f00000,0x00000000d5f00000,0x00000000eef80000)
  from space 34816K, 99% used [0x00000000f2400000,0x00000000f45fa900,0x00000000f4600000)
  to   space 53760K, 0% used [0x00000000eef80000,0x00000000eef80000,0x00000000f2400000)
 ParOldGen       total 154112K, used 108906K [0x0000000081c00000, 0x000000008b280000, 0x00000000d5f00000)
  object space 154112K, 70% used [0x0000000081c00000,0x000000008865a880,0x000000008b280000)
 Metaspace       used 28484K, capacity 28745K, committed 29184K, reserved 1075200K
  class space    used 3702K, capacity 3787K, committed 3840K, reserved 1048576K
}
Event: 22.929 GC heap before
{Heap before GC invocations=15 (full 2):
 PSYoungGen      total 444928K, used 444906K [0x00000000d5f00000, 0x00000000f7a80000, 0x0000000100000000)
  eden space 410112K, 100% used [0x00000000d5f00000,0x00000000eef80000,0x00000000eef80000)
  from space 34816K, 99% used [0x00000000f2400000,0x00000000f45fa900,0x00000000f4600000)
  to   space 53760K, 0% used [0x00000000eef80000,0x00000000eef80000,0x00000000f2400000)
 ParOldGen       total 154112K, used 108906K [0x0000000081c00000, 0x000000008b280000, 0x00000000d5f00000)
  object space 154112K, 70% used [0x0000000081c00000,0x000000008865a880,0x000000008b280000)
 Metaspace       used 31801K, capacity 32141K, committed 32384K, reserved 1077248K
  class space    used 4121K, capacity 4211K, committed 4224K, reserved 1048576K
Event: 22.970 GC heap after
Heap after GC invocations=15 (full 2):
 PSYoungGen      total 463872K, used 53730K [0x00000000d5f00000, 0x00000000fc600000, 0x0000000100000000)
  eden space 410112K, 0% used [0x00000000d5f00000,0x00000000d5f00000,0x00000000eef80000)
  from space 53760K, 99% used [0x00000000eef80000,0x00000000f23f8980,0x00000000f2400000)
  to   space 66048K, 0% used [0x00000000f8580000,0x00000000f8580000,0x00000000fc600000)
 ParOldGen       total 154112K, used 119046K [0x0000000081c00000, 0x000000008b280000, 0x00000000d5f00000)
  object space 154112K, 77% used [0x0000000081c00000,0x0000000089041840,0x000000008b280000)
 Metaspace       used 31801K, capacity 32141K, committed 32384K, reserved 1077248K
  class space    used 4121K, capacity 4211K, committed 4224K, reserved 1048576K
}
Event: 24.597 GC heap before
{Heap before GC invocations=16 (full 2):
 PSYoungGen      total 463872K, used 177083K [0x00000000d5f00000, 0x00000000fc600000, 0x0000000100000000)
  eden space 410112K, 30% used [0x00000000d5f00000,0x00000000dd7765d8,0x00000000eef80000)
  from space 53760K, 99% used [0x00000000eef80000,0x00000000f23f8980,0x00000000f2400000)
  to   space 66048K, 0% used [0x00000000f8580000,0x00000000f8580000,0x00000000fc600000)
 ParOldGen       total 154112K, used 119046K [0x0000000081c00000, 0x000000008b280000, 0x00000000d5f00000)
  object space 154112K, 77% used [0x0000000081c00000,0x0000000089041840,0x000000008b280000)
 Metaspace       used 32005K, capacity 32269K, committed 32640K, reserved 1077248K
  class space    used 4141K, capacity 4211K, committed 4224K, reserved 1048576K
Event: 24.624 GC heap after
Heap after GC invocations=16 (full 2):
 PSYoungGen      total 559616K, used 28207K [0x00000000d5f00000, 0x00000000fc080000, 0x0000000100000000)
  eden space 499200K, 0% used [0x00000000d5f00000,0x00000000d5f00000,0x00000000f4680000)
  from space 60416K, 46% used [0x00000000f8580000,0x00000000fa10bc60,0x00000000fc080000)
  to   space 62464K, 0% used [0x00000000f4680000,0x00000000f4680000,0x00000000f8380000)
 ParOldGen       total 154112K, used 133662K [0x0000000081c00000, 0x000000008b280000, 0x00000000d5f00000)
  object space 154112K, 86% used [0x0000000081c00000,0x0000000089e87a00,0x000000008b280000)
 Metaspace       used 32005K, capacity 32269K, committed 32640K, reserved 1077248K
  class space    used 4141K, capacity 4211K, committed 4224K, reserved 1048576K
}
Event: 24.624 GC heap before
{Heap before GC invocations=17 (full 3):
 PSYoungGen      total 559616K, used 28207K [0x00000000d5f00000, 0x00000000fc080000, 0x0000000100000000)
  eden space 499200K, 0% used [0x00000000d5f00000,0x00000000d5f00000,0x00000000f4680000)
  from space 60416K, 46% used [0x00000000f8580000,0x00000000fa10bc60,0x00000000fc080000)
  to   space 62464K, 0% used [0x00000000f4680000,0x00000000f4680000,0x00000000f8380000)
 ParOldGen       total 154112K, used 133662K [0x0000000081c00000, 0x000000008b280000, 0x00000000d5f00000)
  object space 154112K, 86% used [0x0000000081c00000,0x0000000089e87a00,0x000000008b280000)
 Metaspace       used 32005K, capacity 32269K, committed 32640K, reserved 1077248K
  class space    used 4141K, capacity 4211K, committed 4224K, reserved 1048576K
Event: 24.838 GC heap after
Heap after GC invocations=17 (full 3):
 PSYoungGen      total 559616K, used 0K [0x00000000d5f00000, 0x00000000fc080000, 0x0000000100000000)
  eden space 499200K, 0% used [0x00000000d5f00000,0x00000000d5f00000,0x00000000f4680000)
  from space 60416K, 0% used [0x00000000f8580000,0x00000000f8580000,0x00000000fc080000)
  to   space 62464K, 0% used [0x00000000f4680000,0x00000000f4680000,0x00000000f8380000)
 ParOldGen       total 248832K, used 137859K [0x0000000081c00000, 0x0000000090f00000, 0x00000000d5f00000)
  object space 248832K, 55% used [0x0000000081c00000,0x000000008a2a0ea0,0x0000000090f00000)
 Metaspace       used 32005K, capacity 32269K, committed 32640K, reserved 1077248K
  class space    used 4141K, capacity 4211K, committed 4224K, reserved 1048576K
}

